[debug] [2022-12-30T19:14:44.503Z] ----------------------------------------------------------------------
[debug] [2022-12-30T19:14:44.510Z] Command:       C:\Program Files\nodejs\node.exe C:\Users\DELL\AppData\Roaming\npm\node_modules\firebase-tools\lib\bin\firebase.js deploy
[debug] [2022-12-30T19:14:44.512Z] CLI Version:   11.19.0
[debug] [2022-12-30T19:14:44.513Z] Platform:      win32
[debug] [2022-12-30T19:14:44.513Z] Node Version:  v18.12.1
[debug] [2022-12-30T19:14:44.645Z] Time:          Fri Dec 30 2022 20:14:44 GMT+0100 (West Africa Standard Time)
[debug] [2022-12-30T19:14:44.646Z] ----------------------------------------------------------------------
[debug] 
[debug] [2022-12-30T19:14:44.799Z] > command requires scopes: ["email","openid","https://www.googleapis.com/auth/cloudplatformprojects.readonly","https://www.googleapis.com/auth/firebase","https://www.googleapis.com/auth/cloud-platform"]
[debug] [2022-12-30T19:14:44.800Z] > authorizing via signed-in user (harunafaruk2004@gmail.com)
[debug] [2022-12-30T19:14:44.800Z] [iam] checking project linkedin-clone-hf for permissions ["firebase.projects.get","firebasehosting.sites.update"]
[debug] [2022-12-30T19:14:44.802Z] > refreshing access token with scopes: []
[debug] [2022-12-30T19:14:44.805Z] >>> [apiv2][query] POST https://www.googleapis.com/oauth2/v3/token [none]
[debug] [2022-12-30T19:14:44.805Z] >>> [apiv2][body] POST https://www.googleapis.com/oauth2/v3/token [omitted]
[debug] [2022-12-30T19:14:45.842Z] <<< [apiv2][status] POST https://www.googleapis.com/oauth2/v3/token 200
[debug] [2022-12-30T19:14:45.842Z] <<< [apiv2][body] POST https://www.googleapis.com/oauth2/v3/token [omitted]
[debug] [2022-12-30T19:14:45.921Z] >>> [apiv2][query] POST https://cloudresourcemanager.googleapis.com/v1/projects/linkedin-clone-hf:testIamPermissions [none]
[debug] [2022-12-30T19:14:45.921Z] >>> [apiv2][(partial)header] POST https://cloudresourcemanager.googleapis.com/v1/projects/linkedin-clone-hf:testIamPermissions x-goog-quota-user=projects/linkedin-clone-hf
[debug] [2022-12-30T19:14:45.921Z] >>> [apiv2][body] POST https://cloudresourcemanager.googleapis.com/v1/projects/linkedin-clone-hf:testIamPermissions {"permissions":["firebase.projects.get","firebasehosting.sites.update"]}
[debug] [2022-12-30T19:14:46.473Z] <<< [apiv2][status] POST https://cloudresourcemanager.googleapis.com/v1/projects/linkedin-clone-hf:testIamPermissions 200
[debug] [2022-12-30T19:14:46.473Z] <<< [apiv2][body] POST https://cloudresourcemanager.googleapis.com/v1/projects/linkedin-clone-hf:testIamPermissions {"permissions":["firebase.projects.get","firebasehosting.sites.update"]}
[debug] [2022-12-30T19:14:46.477Z] >>> [apiv2][query] GET https://firebase.googleapis.com/v1beta1/projects/linkedin-clone-hf [none]
[debug] [2022-12-30T19:14:47.082Z] <<< [apiv2][status] GET https://firebase.googleapis.com/v1beta1/projects/linkedin-clone-hf 200
[debug] [2022-12-30T19:14:47.082Z] <<< [apiv2][body] GET https://firebase.googleapis.com/v1beta1/projects/linkedin-clone-hf {"projectId":"linkedin-clone-hf","projectNumber":"405952153720","displayName":"linkedin-clone-hf","name":"projects/linkedin-clone-hf","resources":{"hostingSite":"linkedin-clone-hf"},"state":"ACTIVE","etag":"1_9028b404-c5c3-453d-87a0-aea99de4ce10"}
[info] 
[info] === Deploying to 'linkedin-clone-hf'...
[info] 
[info] i  deploying hosting 
[debug] [2022-12-30T19:14:47.107Z] >>> [apiv2][query] POST https://firebasehosting.googleapis.com/v1beta1/projects/-/sites/linkedin-clone-hf/versions [none]
[debug] [2022-12-30T19:14:47.108Z] >>> [apiv2][body] POST https://firebasehosting.googleapis.com/v1beta1/projects/-/sites/linkedin-clone-hf/versions {"status":"CREATED","labels":{"deployment-tool":"cli-firebase"}}
[debug] [2022-12-30T19:14:48.847Z] <<< [apiv2][status] POST https://firebasehosting.googleapis.com/v1beta1/projects/-/sites/linkedin-clone-hf/versions 200
[debug] [2022-12-30T19:14:48.847Z] <<< [apiv2][body] POST https://firebasehosting.googleapis.com/v1beta1/projects/-/sites/linkedin-clone-hf/versions {"name":"projects/405952153720/sites/linkedin-clone-hf/versions/e3b9f91b414d630f","status":"CREATED","config":{},"labels":{"deployment-tool":"cli-firebase"}}
[info] i  hosting[linkedin-clone-hf]: beginning deploy... 
[info] i  hosting[linkedin-clone-hf]: found 15 files in build 
[debug] [2022-12-30T19:14:57.270Z] [hosting] uploading with 200 concurrency
[debug] [2022-12-30T19:14:57.964Z] [hosting] hash cache [YnVpbGQ] stored for 15 files
[debug] [2022-12-30T19:14:57.964Z] [hosting][hash queue][FINAL] {"max":667,"min":45,"avg":98.26666666666667,"active":0,"complete":15,"success":15,"errored":0,"retried":0,"total":15,"elapsed":686}
[debug] [2022-12-30T19:14:57.965Z] >>> [apiv2][query] POST https://firebasehosting.googleapis.com/v1beta1/projects/405952153720/sites/linkedin-clone-hf/versions/e3b9f91b414d630f:populateFiles [none]
[debug] [2022-12-30T19:14:57.965Z] >>> [apiv2][body] POST https://firebasehosting.googleapis.com/v1beta1/projects/405952153720/sites/linkedin-clone-hf/versions/e3b9f91b414d630f:populateFiles {"files":{"/asset-manifest.json":"ef176d90031bb79fbd356bb589747c39af06e3e6afeec46d890532d8fa458a16","/index.html":"caabd8c6879bdf44ad483468bb0bd3094b7a7010bba83a0c8a13617924e09f41","/manifest.json":"5c4380aedd97935b82cd336a5f47e75648414fabcc7facfe060fbb1d4d9f74e5","/robots.txt":"5fcd5c559ded0c02b3ed7840ca3ee77e95b798730af98d9f18bc627ac898071e","/static/css/main.5a5f2ce8.css":"99b0600f93bf861a1690f424abcf63e81a1f63b20baec5225b5046a874e73569","/static/css/main.5a5f2ce8.css.map":"0997ab67ccbb31e628259786e0c12568694199cf00e28f66e6ede95af002490b","/static/js/787.f8522b77.chunk.js":"323aa40d727d2465f2dec0b5460c0a3e43557258dda74d3257ec3d8baa37ef89","/static/js/787.f8522b77.chunk.js.map":"507cde9f446d106494c14967d0d6d10859a74f6b4942fbaa10746f92cbcae2cd","/static/js/main.2ded941c.js.LICENSE.txt":"37f278ca630f5a6beb7f2883817a752709f4b93390094b6c438f364d0d4a686b","/favicon.ico":"c1979fed73141fb907e57d79d09d4f46a73246fdd275aa92e96aad8c00468fc2","/logo512.png":"70800309140bb1850ab493a719ee61a31040e5037b0312e779dd75e5b3519c7c","/logo192.png":"70800309140bb1850ab493a719ee61a31040e5037b0312e779dd75e5b3519c7c","/static/media/avatar1.aea8606670f2c29e602e.jpg":"abdfed00489041b6df923dfa74a6297a8efcfab910d1ad8778929412ac20abe1","/static/js/main.2ded941c.js":"8dc67943056b92f8fec7067e308161f585d9fc0291e327f77be6e7c1dbf59a64","/static/js/main.2ded941c.js.map":"07991ef8bb7a4f2c689bbeeec9cb703827d5d452a65a9b03dd2a4bdc6397eefc"}}
[debug] [2022-12-30T19:14:59.271Z] <<< [apiv2][status] POST https://firebasehosting.googleapis.com/v1beta1/projects/405952153720/sites/linkedin-clone-hf/versions/e3b9f91b414d630f:populateFiles 200
[debug] [2022-12-30T19:14:59.272Z] <<< [apiv2][body] POST https://firebasehosting.googleapis.com/v1beta1/projects/405952153720/sites/linkedin-clone-hf/versions/e3b9f91b414d630f:populateFiles {"uploadRequiredHashes":["07991ef8bb7a4f2c689bbeeec9cb703827d5d452a65a9b03dd2a4bdc6397eefc","99b0600f93bf861a1690f424abcf63e81a1f63b20baec5225b5046a874e73569","ef176d90031bb79fbd356bb589747c39af06e3e6afeec46d890532d8fa458a16","37f278ca630f5a6beb7f2883817a752709f4b93390094b6c438f364d0d4a686b","caabd8c6879bdf44ad483468bb0bd3094b7a7010bba83a0c8a13617924e09f41","5c4380aedd97935b82cd336a5f47e75648414fabcc7facfe060fbb1d4d9f74e5","507cde9f446d106494c14967d0d6d10859a74f6b4942fbaa10746f92cbcae2cd","5fcd5c559ded0c02b3ed7840ca3ee77e95b798730af98d9f18bc627ac898071e","323aa40d727d2465f2dec0b5460c0a3e43557258dda74d3257ec3d8baa37ef89","0997ab67ccbb31e628259786e0c12568694199cf00e28f66e6ede95af002490b","abdfed00489041b6df923dfa74a6297a8efcfab910d1ad8778929412ac20abe1","8dc67943056b92f8fec7067e308161f585d9fc0291e327f77be6e7c1dbf59a64","70800309140bb1850ab493a719ee61a31040e5037b0312e779dd75e5b3519c7c","c1979fed73141fb907e57d79d09d4f46a73246fdd275aa92e96aad8c00468fc2"],"uploadUrl":"https://upload-firebasehosting.googleapis.com/upload/sites/linkedin-clone-hf/versions/e3b9f91b414d630f/files"}
[debug] [2022-12-30T19:14:59.280Z] >>> [apiv2][query] POST https://upload-firebasehosting.googleapis.com/upload/sites/linkedin-clone-hf/versions/e3b9f91b414d630f/files/07991ef8bb7a4f2c689bbeeec9cb703827d5d452a65a9b03dd2a4bdc6397eefc [none]
[debug] [2022-12-30T19:14:59.280Z] >>> [apiv2][body] POST https://upload-firebasehosting.googleapis.com/upload/sites/linkedin-clone-hf/versions/e3b9f91b414d630f/files/07991ef8bb7a4f2c689bbeeec9cb703827d5d452a65a9b03dd2a4bdc6397eefc [stream]
[debug] [2022-12-30T19:14:59.285Z] >>> [apiv2][query] POST https://upload-firebasehosting.googleapis.com/upload/sites/linkedin-clone-hf/versions/e3b9f91b414d630f/files/99b0600f93bf861a1690f424abcf63e81a1f63b20baec5225b5046a874e73569 [none]
[debug] [2022-12-30T19:14:59.286Z] >>> [apiv2][body] POST https://upload-firebasehosting.googleapis.com/upload/sites/linkedin-clone-hf/versions/e3b9f91b414d630f/files/99b0600f93bf861a1690f424abcf63e81a1f63b20baec5225b5046a874e73569 [stream]
[debug] [2022-12-30T19:14:59.289Z] >>> [apiv2][query] POST https://upload-firebasehosting.googleapis.com/upload/sites/linkedin-clone-hf/versions/e3b9f91b414d630f/files/ef176d90031bb79fbd356bb589747c39af06e3e6afeec46d890532d8fa458a16 [none]
[debug] [2022-12-30T19:14:59.290Z] >>> [apiv2][body] POST https://upload-firebasehosting.googleapis.com/upload/sites/linkedin-clone-hf/versions/e3b9f91b414d630f/files/ef176d90031bb79fbd356bb589747c39af06e3e6afeec46d890532d8fa458a16 [stream]
[debug] [2022-12-30T19:14:59.293Z] >>> [apiv2][query] POST https://upload-firebasehosting.googleapis.com/upload/sites/linkedin-clone-hf/versions/e3b9f91b414d630f/files/37f278ca630f5a6beb7f2883817a752709f4b93390094b6c438f364d0d4a686b [none]
[debug] [2022-12-30T19:14:59.293Z] >>> [apiv2][body] POST https://upload-firebasehosting.googleapis.com/upload/sites/linkedin-clone-hf/versions/e3b9f91b414d630f/files/37f278ca630f5a6beb7f2883817a752709f4b93390094b6c438f364d0d4a686b [stream]
[debug] [2022-12-30T19:14:59.296Z] >>> [apiv2][query] POST https://upload-firebasehosting.googleapis.com/upload/sites/linkedin-clone-hf/versions/e3b9f91b414d630f/files/caabd8c6879bdf44ad483468bb0bd3094b7a7010bba83a0c8a13617924e09f41 [none]
[debug] [2022-12-30T19:14:59.296Z] >>> [apiv2][body] POST https://upload-firebasehosting.googleapis.com/upload/sites/linkedin-clone-hf/versions/e3b9f91b414d630f/files/caabd8c6879bdf44ad483468bb0bd3094b7a7010bba83a0c8a13617924e09f41 [stream]
[debug] [2022-12-30T19:14:59.299Z] >>> [apiv2][query] POST https://upload-firebasehosting.googleapis.com/upload/sites/linkedin-clone-hf/versions/e3b9f91b414d630f/files/5c4380aedd97935b82cd336a5f47e75648414fabcc7facfe060fbb1d4d9f74e5 [none]
[debug] [2022-12-30T19:14:59.300Z] >>> [apiv2][body] POST https://upload-firebasehosting.googleapis.com/upload/sites/linkedin-clone-hf/versions/e3b9f91b414d630f/files/5c4380aedd97935b82cd336a5f47e75648414fabcc7facfe060fbb1d4d9f74e5 [stream]
[debug] [2022-12-30T19:14:59.303Z] >>> [apiv2][query] POST https://upload-firebasehosting.googleapis.com/upload/sites/linkedin-clone-hf/versions/e3b9f91b414d630f/files/507cde9f446d106494c14967d0d6d10859a74f6b4942fbaa10746f92cbcae2cd [none]
[debug] [2022-12-30T19:14:59.303Z] >>> [apiv2][body] POST https://upload-firebasehosting.googleapis.com/upload/sites/linkedin-clone-hf/versions/e3b9f91b414d630f/files/507cde9f446d106494c14967d0d6d10859a74f6b4942fbaa10746f92cbcae2cd [stream]
[debug] [2022-12-30T19:14:59.307Z] >>> [apiv2][query] POST https://upload-firebasehosting.googleapis.com/upload/sites/linkedin-clone-hf/versions/e3b9f91b414d630f/files/5fcd5c559ded0c02b3ed7840ca3ee77e95b798730af98d9f18bc627ac898071e [none]
[debug] [2022-12-30T19:14:59.307Z] >>> [apiv2][body] POST https://upload-firebasehosting.googleapis.com/upload/sites/linkedin-clone-hf/versions/e3b9f91b414d630f/files/5fcd5c559ded0c02b3ed7840ca3ee77e95b798730af98d9f18bc627ac898071e [stream]
[debug] [2022-12-30T19:14:59.310Z] >>> [apiv2][query] POST https://upload-firebasehosting.googleapis.com/upload/sites/linkedin-clone-hf/versions/e3b9f91b414d630f/files/323aa40d727d2465f2dec0b5460c0a3e43557258dda74d3257ec3d8baa37ef89 [none]
[debug] [2022-12-30T19:14:59.311Z] >>> [apiv2][body] POST https://upload-firebasehosting.googleapis.com/upload/sites/linkedin-clone-hf/versions/e3b9f91b414d630f/files/323aa40d727d2465f2dec0b5460c0a3e43557258dda74d3257ec3d8baa37ef89 [stream]
[debug] [2022-12-30T19:14:59.314Z] >>> [apiv2][query] POST https://upload-firebasehosting.googleapis.com/upload/sites/linkedin-clone-hf/versions/e3b9f91b414d630f/files/0997ab67ccbb31e628259786e0c12568694199cf00e28f66e6ede95af002490b [none]
[debug] [2022-12-30T19:14:59.314Z] >>> [apiv2][body] POST https://upload-firebasehosting.googleapis.com/upload/sites/linkedin-clone-hf/versions/e3b9f91b414d630f/files/0997ab67ccbb31e628259786e0c12568694199cf00e28f66e6ede95af002490b [stream]
[debug] [2022-12-30T19:14:59.317Z] >>> [apiv2][query] POST https://upload-firebasehosting.googleapis.com/upload/sites/linkedin-clone-hf/versions/e3b9f91b414d630f/files/abdfed00489041b6df923dfa74a6297a8efcfab910d1ad8778929412ac20abe1 [none]
[debug] [2022-12-30T19:14:59.317Z] >>> [apiv2][body] POST https://upload-firebasehosting.googleapis.com/upload/sites/linkedin-clone-hf/versions/e3b9f91b414d630f/files/abdfed00489041b6df923dfa74a6297a8efcfab910d1ad8778929412ac20abe1 [stream]
[debug] [2022-12-30T19:14:59.320Z] >>> [apiv2][query] POST https://upload-firebasehosting.googleapis.com/upload/sites/linkedin-clone-hf/versions/e3b9f91b414d630f/files/8dc67943056b92f8fec7067e308161f585d9fc0291e327f77be6e7c1dbf59a64 [none]
[debug] [2022-12-30T19:14:59.320Z] >>> [apiv2][body] POST https://upload-firebasehosting.googleapis.com/upload/sites/linkedin-clone-hf/versions/e3b9f91b414d630f/files/8dc67943056b92f8fec7067e308161f585d9fc0291e327f77be6e7c1dbf59a64 [stream]
[debug] [2022-12-30T19:14:59.322Z] >>> [apiv2][query] POST https://upload-firebasehosting.googleapis.com/upload/sites/linkedin-clone-hf/versions/e3b9f91b414d630f/files/70800309140bb1850ab493a719ee61a31040e5037b0312e779dd75e5b3519c7c [none]
[debug] [2022-12-30T19:14:59.323Z] >>> [apiv2][body] POST https://upload-firebasehosting.googleapis.com/upload/sites/linkedin-clone-hf/versions/e3b9f91b414d630f/files/70800309140bb1850ab493a719ee61a31040e5037b0312e779dd75e5b3519c7c [stream]
[debug] [2022-12-30T19:14:59.325Z] >>> [apiv2][query] POST https://upload-firebasehosting.googleapis.com/upload/sites/linkedin-clone-hf/versions/e3b9f91b414d630f/files/c1979fed73141fb907e57d79d09d4f46a73246fdd275aa92e96aad8c00468fc2 [none]
[debug] [2022-12-30T19:14:59.326Z] >>> [apiv2][body] POST https://upload-firebasehosting.googleapis.com/upload/sites/linkedin-clone-hf/versions/e3b9f91b414d630f/files/c1979fed73141fb907e57d79d09d4f46a73246fdd275aa92e96aad8c00468fc2 [stream]
[debug] [2022-12-30T19:14:59.328Z] [hosting][populate queue][FINAL] {"max":1317,"min":1317,"avg":1317,"active":0,"complete":1,"success":1,"errored":0,"retried":0,"total":1,"elapsed":1367}
[debug] [2022-12-30T19:14:59.328Z] [hosting] uploads queued: 14
[debug] [2022-12-30T19:15:00.736Z] <<< [apiv2][status] POST https://upload-firebasehosting.googleapis.com/upload/sites/linkedin-clone-hf/versions/e3b9f91b414d630f/files/5fcd5c559ded0c02b3ed7840ca3ee77e95b798730af98d9f18bc627ac898071e 200
[debug] [2022-12-30T19:15:00.736Z] <<< [apiv2][body] POST https://upload-firebasehosting.googleapis.com/upload/sites/linkedin-clone-hf/versions/e3b9f91b414d630f/files/5fcd5c559ded0c02b3ed7840ca3ee77e95b798730af98d9f18bc627ac898071e [stream]
[debug] [2022-12-30T19:15:01.143Z] <<< [apiv2][status] POST https://upload-firebasehosting.googleapis.com/upload/sites/linkedin-clone-hf/versions/e3b9f91b414d630f/files/323aa40d727d2465f2dec0b5460c0a3e43557258dda74d3257ec3d8baa37ef89 200
[debug] [2022-12-30T19:15:01.144Z] <<< [apiv2][body] POST https://upload-firebasehosting.googleapis.com/upload/sites/linkedin-clone-hf/versions/e3b9f91b414d630f/files/323aa40d727d2465f2dec0b5460c0a3e43557258dda74d3257ec3d8baa37ef89 [stream]
[debug] [2022-12-30T19:15:01.157Z] <<< [apiv2][status] POST https://upload-firebasehosting.googleapis.com/upload/sites/linkedin-clone-hf/versions/e3b9f91b414d630f/files/37f278ca630f5a6beb7f2883817a752709f4b93390094b6c438f364d0d4a686b 200
[debug] [2022-12-30T19:15:01.158Z] <<< [apiv2][body] POST https://upload-firebasehosting.googleapis.com/upload/sites/linkedin-clone-hf/versions/e3b9f91b414d630f/files/37f278ca630f5a6beb7f2883817a752709f4b93390094b6c438f364d0d4a686b [stream]
[debug] [2022-12-30T19:15:01.163Z] <<< [apiv2][status] POST https://upload-firebasehosting.googleapis.com/upload/sites/linkedin-clone-hf/versions/e3b9f91b414d630f/files/507cde9f446d106494c14967d0d6d10859a74f6b4942fbaa10746f92cbcae2cd 200
[debug] [2022-12-30T19:15:01.163Z] <<< [apiv2][body] POST https://upload-firebasehosting.googleapis.com/upload/sites/linkedin-clone-hf/versions/e3b9f91b414d630f/files/507cde9f446d106494c14967d0d6d10859a74f6b4942fbaa10746f92cbcae2cd [stream]
[debug] [2022-12-30T19:15:01.236Z] <<< [apiv2][status] POST https://upload-firebasehosting.googleapis.com/upload/sites/linkedin-clone-hf/versions/e3b9f91b414d630f/files/0997ab67ccbb31e628259786e0c12568694199cf00e28f66e6ede95af002490b 200
[debug] [2022-12-30T19:15:01.237Z] <<< [apiv2][body] POST https://upload-firebasehosting.googleapis.com/upload/sites/linkedin-clone-hf/versions/e3b9f91b414d630f/files/0997ab67ccbb31e628259786e0c12568694199cf00e28f66e6ede95af002490b [stream]
[debug] [2022-12-30T19:15:01.316Z] <<< [apiv2][status] POST https://upload-firebasehosting.googleapis.com/upload/sites/linkedin-clone-hf/versions/e3b9f91b414d630f/files/5c4380aedd97935b82cd336a5f47e75648414fabcc7facfe060fbb1d4d9f74e5 200
[debug] [2022-12-30T19:15:01.317Z] <<< [apiv2][body] POST https://upload-firebasehosting.googleapis.com/upload/sites/linkedin-clone-hf/versions/e3b9f91b414d630f/files/5c4380aedd97935b82cd336a5f47e75648414fabcc7facfe060fbb1d4d9f74e5 [stream]
[debug] [2022-12-30T19:15:01.320Z] <<< [apiv2][status] POST https://upload-firebasehosting.googleapis.com/upload/sites/linkedin-clone-hf/versions/e3b9f91b414d630f/files/99b0600f93bf861a1690f424abcf63e81a1f63b20baec5225b5046a874e73569 200
[debug] [2022-12-30T19:15:01.320Z] <<< [apiv2][body] POST https://upload-firebasehosting.googleapis.com/upload/sites/linkedin-clone-hf/versions/e3b9f91b414d630f/files/99b0600f93bf861a1690f424abcf63e81a1f63b20baec5225b5046a874e73569 [stream]
[debug] [2022-12-30T19:15:01.441Z] <<< [apiv2][status] POST https://upload-firebasehosting.googleapis.com/upload/sites/linkedin-clone-hf/versions/e3b9f91b414d630f/files/caabd8c6879bdf44ad483468bb0bd3094b7a7010bba83a0c8a13617924e09f41 200
[debug] [2022-12-30T19:15:01.442Z] <<< [apiv2][body] POST https://upload-firebasehosting.googleapis.com/upload/sites/linkedin-clone-hf/versions/e3b9f91b414d630f/files/caabd8c6879bdf44ad483468bb0bd3094b7a7010bba83a0c8a13617924e09f41 [stream]
[debug] [2022-12-30T19:15:01.511Z] <<< [apiv2][status] POST https://upload-firebasehosting.googleapis.com/upload/sites/linkedin-clone-hf/versions/e3b9f91b414d630f/files/c1979fed73141fb907e57d79d09d4f46a73246fdd275aa92e96aad8c00468fc2 200
[debug] [2022-12-30T19:15:01.512Z] <<< [apiv2][body] POST https://upload-firebasehosting.googleapis.com/upload/sites/linkedin-clone-hf/versions/e3b9f91b414d630f/files/c1979fed73141fb907e57d79d09d4f46a73246fdd275aa92e96aad8c00468fc2 [stream]
[debug] [2022-12-30T19:15:02.168Z] <<< [apiv2][status] POST https://upload-firebasehosting.googleapis.com/upload/sites/linkedin-clone-hf/versions/e3b9f91b414d630f/files/70800309140bb1850ab493a719ee61a31040e5037b0312e779dd75e5b3519c7c 200
[debug] [2022-12-30T19:15:02.168Z] <<< [apiv2][body] POST https://upload-firebasehosting.googleapis.com/upload/sites/linkedin-clone-hf/versions/e3b9f91b414d630f/files/70800309140bb1850ab493a719ee61a31040e5037b0312e779dd75e5b3519c7c [stream]
[debug] [2022-12-30T19:15:02.322Z] <<< [apiv2][status] POST https://upload-firebasehosting.googleapis.com/upload/sites/linkedin-clone-hf/versions/e3b9f91b414d630f/files/8dc67943056b92f8fec7067e308161f585d9fc0291e327f77be6e7c1dbf59a64 200
[debug] [2022-12-30T19:15:02.323Z] <<< [apiv2][body] POST https://upload-firebasehosting.googleapis.com/upload/sites/linkedin-clone-hf/versions/e3b9f91b414d630f/files/8dc67943056b92f8fec7067e308161f585d9fc0291e327f77be6e7c1dbf59a64 [stream]
[debug] [2022-12-30T19:15:02.514Z] <<< [apiv2][status] POST https://upload-firebasehosting.googleapis.com/upload/sites/linkedin-clone-hf/versions/e3b9f91b414d630f/files/07991ef8bb7a4f2c689bbeeec9cb703827d5d452a65a9b03dd2a4bdc6397eefc 200
[debug] [2022-12-30T19:15:02.515Z] <<< [apiv2][body] POST https://upload-firebasehosting.googleapis.com/upload/sites/linkedin-clone-hf/versions/e3b9f91b414d630f/files/07991ef8bb7a4f2c689bbeeec9cb703827d5d452a65a9b03dd2a4bdc6397eefc [stream]
[debug] [2022-12-30T19:15:02.675Z] <<< [apiv2][status] POST https://upload-firebasehosting.googleapis.com/upload/sites/linkedin-clone-hf/versions/e3b9f91b414d630f/files/ef176d90031bb79fbd356bb589747c39af06e3e6afeec46d890532d8fa458a16 200
[debug] [2022-12-30T19:15:02.676Z] <<< [apiv2][body] POST https://upload-firebasehosting.googleapis.com/upload/sites/linkedin-clone-hf/versions/e3b9f91b414d630f/files/ef176d90031bb79fbd356bb589747c39af06e3e6afeec46d890532d8fa458a16 [stream]
[debug] [2022-12-30T19:15:02.805Z] <<< [apiv2][status] POST https://upload-firebasehosting.googleapis.com/upload/sites/linkedin-clone-hf/versions/e3b9f91b414d630f/files/abdfed00489041b6df923dfa74a6297a8efcfab910d1ad8778929412ac20abe1 200
[debug] [2022-12-30T19:15:02.806Z] <<< [apiv2][body] POST https://upload-firebasehosting.googleapis.com/upload/sites/linkedin-clone-hf/versions/e3b9f91b414d630f/files/abdfed00489041b6df923dfa74a6297a8efcfab910d1ad8778929412ac20abe1 [stream]
[debug] [2022-12-30T19:15:02.807Z] [hosting][upload queue][FINAL] {"max":3528,"min":1460,"avg":2404.4285714285716,"active":0,"complete":14,"success":14,"errored":0,"retried":0,"total":14,"elapsed":3535}
[info] +  hosting[linkedin-clone-hf]: file upload complete 
[debug] [2022-12-30T19:15:02.813Z] [hosting] deploy completed after 5587ms
[debug] [2022-12-30T19:15:02.820Z] [
  {
    "config": {
      "public": "build",
      "ignore": [
        "firebase.json",
        "**/.*",
        "**/node_modules/**"
      ],
      "rewrites": [
        {
          "source": "**",
          "destination": "/index.html"
        }
      ],
      "site": "linkedin-clone-hf"
    },
    "version": "projects/405952153720/sites/linkedin-clone-hf/versions/e3b9f91b414d630f"
  }
]
[info] i  hosting[linkedin-clone-hf]: finalizing version... 
[debug] [2022-12-30T19:15:02.830Z] >>> [apiv2][query] PATCH https://firebasehosting.googleapis.com/v1beta1/projects/-/sites/linkedin-clone-hf/versions/e3b9f91b414d630f updateMask=status%2Cconfig
[debug] [2022-12-30T19:15:02.830Z] >>> [apiv2][body] PATCH https://firebasehosting.googleapis.com/v1beta1/projects/-/sites/linkedin-clone-hf/versions/e3b9f91b414d630f {"status":"FINALIZED","config":{"rewrites":[{"glob":"**","path":"/index.html"}]}}
[debug] [2022-12-30T19:15:04.133Z] <<< [apiv2][status] PATCH https://firebasehosting.googleapis.com/v1beta1/projects/-/sites/linkedin-clone-hf/versions/e3b9f91b414d630f 200
[debug] [2022-12-30T19:15:04.133Z] <<< [apiv2][body] PATCH https://firebasehosting.googleapis.com/v1beta1/projects/-/sites/linkedin-clone-hf/versions/e3b9f91b414d630f {"name":"projects/405952153720/sites/linkedin-clone-hf/versions/e3b9f91b414d630f","status":"FINALIZED","config":{"rewrites":[{"glob":"**","path":"/index.html"}]},"labels":{"deployment-tool":"cli-firebase"},"createTime":"2022-12-30T19:14:48.419380Z","createUser":{"email":"harunafaruk2004@gmail.com"},"finalizeTime":"2022-12-30T19:15:04.069478Z","finalizeUser":{"email":"harunafaruk2004@gmail.com"}}
[debug] [2022-12-30T19:15:04.133Z] [hosting] finalized version for linkedin-clone-hf:[object Object]
[info] +  hosting[linkedin-clone-hf]: version finalized 
[info] i  hosting[linkedin-clone-hf]: releasing new version... 
[debug] [2022-12-30T19:15:04.136Z] >>> [apiv2][query] POST https://firebasehosting.googleapis.com/v1beta1/projects/-/sites/linkedin-clone-hf/channels/live/releases versionName=projects%2F405952153720%2Fsites%2Flinkedin-clone-hf%2Fversions%2Fe3b9f91b414d630f
[debug] [2022-12-30T19:15:04.137Z] >>> [apiv2][body] POST https://firebasehosting.googleapis.com/v1beta1/projects/-/sites/linkedin-clone-hf/channels/live/releases {}
[debug] [2022-12-30T19:15:05.428Z] <<< [apiv2][status] POST https://firebasehosting.googleapis.com/v1beta1/projects/-/sites/linkedin-clone-hf/channels/live/releases 200
[debug] [2022-12-30T19:15:05.430Z] <<< [apiv2][body] POST https://firebasehosting.googleapis.com/v1beta1/projects/-/sites/linkedin-clone-hf/channels/live/releases {"name":"projects/405952153720/sites/linkedin-clone-hf/channels/live/releases/1672427704787319","version":{"name":"projects/405952153720/sites/linkedin-clone-hf/versions/e3b9f91b414d630f","status":"FINALIZED","config":{"rewrites":[{"glob":"**","path":"/index.html"}]},"labels":{"deployment-tool":"cli-firebase"},"createTime":"2022-12-30T19:14:48.419380Z","createUser":{"email":"harunafaruk2004@gmail.com","imageUrl":"https://lh3.googleusercontent.com/a/AEdFTp4a_nam-2Y16VKbv2ecDwinH6y65fSswLqgg1na"},"finalizeTime":"2022-12-30T19:15:04.069478Z","finalizeUser":{"email":"harunafaruk2004@gmail.com","imageUrl":"https://lh3.googleusercontent.com/a/AEdFTp4a_nam-2Y16VKbv2ecDwinH6y65fSswLqgg1na"}},"type":"DEPLOY","releaseTime":"2022-12-30T19:15:04.787319675Z","releaseUser":{"email":"harunafaruk2004@gmail.com","imageUrl":"https://lh3.googleusercontent.com/a/AEdFTp4a_nam-2Y16VKbv2ecDwinH6y65fSswLqgg1na"}}
[debug] [2022-12-30T19:15:05.430Z] [hosting] release: {"name":"projects/405952153720/sites/linkedin-clone-hf/channels/live/releases/1672427704787319","version":{"name":"projects/405952153720/sites/linkedin-clone-hf/versions/e3b9f91b414d630f","status":"FINALIZED","config":{"rewrites":[{"glob":"**","path":"/index.html"}]},"labels":{"deployment-tool":"cli-firebase"},"createTime":"2022-12-30T19:14:48.419380Z","createUser":{"email":"harunafaruk2004@gmail.com","imageUrl":"https://lh3.googleusercontent.com/a/AEdFTp4a_nam-2Y16VKbv2ecDwinH6y65fSswLqgg1na"},"finalizeTime":"2022-12-30T19:15:04.069478Z","finalizeUser":{"email":"harunafaruk2004@gmail.com","imageUrl":"https://lh3.googleusercontent.com/a/AEdFTp4a_nam-2Y16VKbv2ecDwinH6y65fSswLqgg1na"}},"type":"DEPLOY","releaseTime":"2022-12-30T19:15:04.787319675Z","releaseUser":{"email":"harunafaruk2004@gmail.com","imageUrl":"https://lh3.googleusercontent.com/a/AEdFTp4a_nam-2Y16VKbv2ecDwinH6y65fSswLqgg1na"}}
[info] +  hosting[linkedin-clone-hf]: release complete 
[info] 
[info] +  Deploy complete! 
[info] 
[info] Project Console: https://console.firebase.google.com/project/linkedin-clone-hf/overview
[info] Hosting URL: https://linkedin-clone-hf.web.app
[debug] [2022-12-30T19:15:25.571Z] Error: Timed out.
    at Timeout._onTimeout (C:\Users\DELL\AppData\Roaming\npm\node_modules\firebase-tools\lib\utils.js:253:49)
    at listOnTimeout (node:internal/timers:564:17)
    at process.processTimers (node:internal/timers:507:7)
[error] 
[error] Error: An unexpected error has occurred.
